<?xml version="1.0" encoding="UTF-8" standalone="yes"?><!DOCTYPE report PUBLIC "-//JACOCO//DTD Report 1.1//EN"
        "report.dtd">
<report name="java">
    <sessioninfo id="chandanprasaddas02-f6a2320d" start="1740752982561" dump="1740752985234"/>
    <package name="com/example/demo/repositories">
        <class name="com/example/demo/repositories/ISongRepository" sourcefilename="ISongRepository.java"/>
        <class name="com/example/demo/repositories/PlaylistRepository" sourcefilename="PlaylistRepository.java">
            <method name="&lt;init&gt;" desc="()V" line="10">
                <counter type="INSTRUCTION" missed="0" covered="8"/>
                <counter type="LINE" missed="0" covered="2"/>
                <counter type="COMPLEXITY" missed="0" covered="1"/>
                <counter type="METHOD" missed="0" covered="1"/>
            </method>
            <method name="save" desc="(Lcom/example/demo/entities/Playlist;)Lcom/example/demo/entities/Playlist;"
                    line="15">
                <counter type="INSTRUCTION" missed="0" covered="9"/>
                <counter type="LINE" missed="0" covered="2"/>
                <counter type="COMPLEXITY" missed="0" covered="1"/>
                <counter type="METHOD" missed="0" covered="1"/>
            </method>
            <method name="existsById" desc="(Ljava/lang/String;)Z" line="21">
                <counter type="INSTRUCTION" missed="0" covered="5"/>
                <counter type="LINE" missed="0" covered="1"/>
                <counter type="COMPLEXITY" missed="0" covered="1"/>
                <counter type="METHOD" missed="0" covered="1"/>
            </method>
            <method name="findById" desc="(Ljava/lang/String;)Ljava/util/Optional;" line="26">
                <counter type="INSTRUCTION" missed="0" covered="7"/>
                <counter type="LINE" missed="0" covered="1"/>
                <counter type="COMPLEXITY" missed="0" covered="1"/>
                <counter type="METHOD" missed="0" covered="1"/>
            </method>
            <method name="findAll" desc="()Ljava/util/List;" line="31">
                <counter type="INSTRUCTION" missed="8" covered="0"/>
                <counter type="LINE" missed="1" covered="0"/>
                <counter type="COMPLEXITY" missed="1" covered="0"/>
                <counter type="METHOD" missed="1" covered="0"/>
            </method>
            <method name="deleteById" desc="(Ljava/lang/String;)V" line="36">
                <counter type="INSTRUCTION" missed="0" covered="6"/>
                <counter type="LINE" missed="0" covered="2"/>
                <counter type="COMPLEXITY" missed="0" covered="1"/>
                <counter type="METHOD" missed="0" covered="1"/>
            </method>
            <method name="count" desc="()J" line="41">
                <counter type="INSTRUCTION" missed="5" covered="0"/>
                <counter type="LINE" missed="1" covered="0"/>
                <counter type="COMPLEXITY" missed="1" covered="0"/>
                <counter type="METHOD" missed="1" covered="0"/>
            </method>
            <counter type="INSTRUCTION" missed="13" covered="35"/>
            <counter type="LINE" missed="2" covered="8"/>
            <counter type="COMPLEXITY" missed="2" covered="5"/>
            <counter type="METHOD" missed="2" covered="5"/>
            <counter type="CLASS" missed="0" covered="1"/>
        </class>
        <class name="com/example/demo/repositories/SongRepository" sourcefilename="SongRepository.java">
            <method name="&lt;init&gt;" desc="()V" line="10">
                <counter type="INSTRUCTION" missed="0" covered="8"/>
                <counter type="LINE" missed="0" covered="2"/>
                <counter type="COMPLEXITY" missed="0" covered="1"/>
                <counter type="METHOD" missed="0" covered="1"/>
            </method>
            <method name="save" desc="(Lcom/example/demo/entities/Song;)Lcom/example/demo/entities/Song;" line="15">
                <counter type="INSTRUCTION" missed="0" covered="9"/>
                <counter type="LINE" missed="0" covered="2"/>
                <counter type="COMPLEXITY" missed="0" covered="1"/>
                <counter type="METHOD" missed="0" covered="1"/>
            </method>
            <method name="existsById" desc="(Ljava/lang/Long;)Z" line="21">
                <counter type="INSTRUCTION" missed="5" covered="0"/>
                <counter type="LINE" missed="1" covered="0"/>
                <counter type="COMPLEXITY" missed="1" covered="0"/>
                <counter type="METHOD" missed="1" covered="0"/>
            </method>
            <method name="findById" desc="(Ljava/lang/Long;)Ljava/util/Optional;" line="26">
                <counter type="INSTRUCTION" missed="0" covered="7"/>
                <counter type="LINE" missed="0" covered="1"/>
                <counter type="COMPLEXITY" missed="0" covered="1"/>
                <counter type="METHOD" missed="0" covered="1"/>
            </method>
            <method name="findAll" desc="()Ljava/util/List;" line="31">
                <counter type="INSTRUCTION" missed="0" covered="8"/>
                <counter type="LINE" missed="0" covered="1"/>
                <counter type="COMPLEXITY" missed="0" covered="1"/>
                <counter type="METHOD" missed="0" covered="1"/>
            </method>
            <method name="deleteById" desc="(Ljava/lang/Long;)V" line="36">
                <counter type="INSTRUCTION" missed="6" covered="0"/>
                <counter type="LINE" missed="2" covered="0"/>
                <counter type="COMPLEXITY" missed="1" covered="0"/>
                <counter type="METHOD" missed="1" covered="0"/>
            </method>
            <method name="count" desc="()J" line="41">
                <counter type="INSTRUCTION" missed="5" covered="0"/>
                <counter type="LINE" missed="1" covered="0"/>
                <counter type="COMPLEXITY" missed="1" covered="0"/>
                <counter type="METHOD" missed="1" covered="0"/>
            </method>
            <counter type="INSTRUCTION" missed="16" covered="32"/>
            <counter type="LINE" missed="4" covered="6"/>
            <counter type="COMPLEXITY" missed="3" covered="4"/>
            <counter type="METHOD" missed="3" covered="4"/>
            <counter type="CLASS" missed="0" covered="1"/>
        </class>
        <class name="com/example/demo/repositories/IPlaylistRepository" sourcefilename="IPlaylistRepository.java"/>
        <sourcefile name="SongRepository.java">
            <line nr="10" mi="0" ci="2" mb="0" cb="0"/>
            <line nr="11" mi="0" ci="6" mb="0" cb="0"/>
            <line nr="15" mi="0" ci="7" mb="0" cb="0"/>
            <line nr="16" mi="0" ci="2" mb="0" cb="0"/>
            <line nr="21" mi="5" ci="0" mb="0" cb="0"/>
            <line nr="26" mi="0" ci="7" mb="0" cb="0"/>
            <line nr="31" mi="0" ci="8" mb="0" cb="0"/>
            <line nr="36" mi="5" ci="0" mb="0" cb="0"/>
            <line nr="37" mi="1" ci="0" mb="0" cb="0"/>
            <line nr="41" mi="5" ci="0" mb="0" cb="0"/>
            <counter type="INSTRUCTION" missed="16" covered="32"/>
            <counter type="LINE" missed="4" covered="6"/>
            <counter type="COMPLEXITY" missed="3" covered="4"/>
            <counter type="METHOD" missed="3" covered="4"/>
            <counter type="CLASS" missed="0" covered="1"/>
        </sourcefile>
        <sourcefile name="IPlaylistRepository.java"/>
        <sourcefile name="PlaylistRepository.java">
            <line nr="10" mi="0" ci="2" mb="0" cb="0"/>
            <line nr="11" mi="0" ci="6" mb="0" cb="0"/>
            <line nr="15" mi="0" ci="7" mb="0" cb="0"/>
            <line nr="16" mi="0" ci="2" mb="0" cb="0"/>
            <line nr="21" mi="0" ci="5" mb="0" cb="0"/>
            <line nr="26" mi="0" ci="7" mb="0" cb="0"/>
            <line nr="31" mi="8" ci="0" mb="0" cb="0"/>
            <line nr="36" mi="0" ci="5" mb="0" cb="0"/>
            <line nr="37" mi="0" ci="1" mb="0" cb="0"/>
            <line nr="41" mi="5" ci="0" mb="0" cb="0"/>
            <counter type="INSTRUCTION" missed="13" covered="35"/>
            <counter type="LINE" missed="2" covered="8"/>
            <counter type="COMPLEXITY" missed="2" covered="5"/>
            <counter type="METHOD" missed="2" covered="5"/>
            <counter type="CLASS" missed="0" covered="1"/>
        </sourcefile>
        <sourcefile name="ISongRepository.java"/>
        <counter type="INSTRUCTION" missed="29" covered="67"/>
        <counter type="LINE" missed="6" covered="14"/>
        <counter type="COMPLEXITY" missed="5" covered="9"/>
        <counter type="METHOD" missed="5" covered="9"/>
        <counter type="CLASS" missed="0" covered="2"/>
    </package>
    <package name="com/example/demo/entities">
        <class name="com/example/demo/entities/Song" sourcefilename="Song.java">
            <method name="&lt;init&gt;"
                    desc="(Ljava/lang/Long;Ljava/lang/String;Ljava/lang/String;Ljava/lang/String;Ljava/lang/String;)V"
                    line="12">
                <counter type="INSTRUCTION" missed="0" covered="18"/>
                <counter type="LINE" missed="0" covered="7"/>
                <counter type="COMPLEXITY" missed="0" covered="1"/>
                <counter type="METHOD" missed="0" covered="1"/>
            </method>
            <method name="getId" desc="()Ljava/lang/Long;" line="20">
                <counter type="INSTRUCTION" missed="0" covered="3"/>
                <counter type="LINE" missed="0" covered="1"/>
                <counter type="COMPLEXITY" missed="0" covered="1"/>
                <counter type="METHOD" missed="0" covered="1"/>
            </method>
            <method name="getTitle" desc="()Ljava/lang/String;" line="21">
                <counter type="INSTRUCTION" missed="3" covered="0"/>
                <counter type="LINE" missed="1" covered="0"/>
                <counter type="COMPLEXITY" missed="1" covered="0"/>
                <counter type="METHOD" missed="1" covered="0"/>
            </method>
            <method name="getArtist" desc="()Ljava/lang/String;" line="22">
                <counter type="INSTRUCTION" missed="3" covered="0"/>
                <counter type="LINE" missed="1" covered="0"/>
                <counter type="COMPLEXITY" missed="1" covered="0"/>
                <counter type="METHOD" missed="1" covered="0"/>
            </method>
            <method name="getAlbum" desc="()Ljava/lang/String;" line="23">
                <counter type="INSTRUCTION" missed="3" covered="0"/>
                <counter type="LINE" missed="1" covered="0"/>
                <counter type="COMPLEXITY" missed="1" covered="0"/>
                <counter type="METHOD" missed="1" covered="0"/>
            </method>
            <method name="getGenre" desc="()Ljava/lang/String;" line="24">
                <counter type="INSTRUCTION" missed="3" covered="0"/>
                <counter type="LINE" missed="1" covered="0"/>
                <counter type="COMPLEXITY" missed="1" covered="0"/>
                <counter type="METHOD" missed="1" covered="0"/>
            </method>
            <method name="toString" desc="()Ljava/lang/String;" line="28">
                <counter type="INSTRUCTION" missed="0" covered="4"/>
                <counter type="LINE" missed="0" covered="1"/>
                <counter type="COMPLEXITY" missed="0" covered="1"/>
                <counter type="METHOD" missed="0" covered="1"/>
            </method>
            <counter type="INSTRUCTION" missed="12" covered="25"/>
            <counter type="LINE" missed="4" covered="9"/>
            <counter type="COMPLEXITY" missed="4" covered="3"/>
            <counter type="METHOD" missed="4" covered="3"/>
            <counter type="CLASS" missed="0" covered="1"/>
        </class>
        <class name="com/example/demo/entities/Playlist" sourcefilename="Playlist.java">
            <method name="&lt;init&gt;" desc="(Ljava/lang/Long;Ljava/lang/String;)V" line="11">
                <counter type="INSTRUCTION" missed="0" covered="23"/>
                <counter type="LINE" missed="0" covered="8"/>
                <counter type="COMPLEXITY" missed="0" covered="1"/>
                <counter type="METHOD" missed="0" covered="1"/>
            </method>
            <method name="getId" desc="()Ljava/lang/Long;" line="20">
                <counter type="INSTRUCTION" missed="0" covered="3"/>
                <counter type="LINE" missed="0" covered="1"/>
                <counter type="COMPLEXITY" missed="0" covered="1"/>
                <counter type="METHOD" missed="0" covered="1"/>
            </method>
            <method name="getName" desc="()Ljava/lang/String;" line="21">
                <counter type="INSTRUCTION" missed="0" covered="3"/>
                <counter type="LINE" missed="0" covered="1"/>
                <counter type="COMPLEXITY" missed="0" covered="1"/>
                <counter type="METHOD" missed="0" covered="1"/>
            </method>
            <method name="addSong" desc="(Lcom/example/demo/entities/Song;)V" line="22">
                <counter type="INSTRUCTION" missed="0" covered="6"/>
                <counter type="LINE" missed="0" covered="1"/>
                <counter type="COMPLEXITY" missed="0" covered="1"/>
                <counter type="METHOD" missed="0" covered="1"/>
            </method>
            <method name="removeSong" desc="(Lcom/example/demo/entities/Song;)V" line="23">
                <counter type="INSTRUCTION" missed="0" covered="6"/>
                <counter type="LINE" missed="0" covered="1"/>
                <counter type="COMPLEXITY" missed="0" covered="1"/>
                <counter type="METHOD" missed="0" covered="1"/>
            </method>
            <method name="hasSongs" desc="()Z" line="24">
                <counter type="INSTRUCTION" missed="8" covered="0"/>
                <counter type="BRANCH" missed="2" covered="0"/>
                <counter type="LINE" missed="1" covered="0"/>
                <counter type="COMPLEXITY" missed="2" covered="0"/>
                <counter type="METHOD" missed="1" covered="0"/>
            </method>
            <method name="getSongs" desc="()Ljava/util/List;" line="25">
                <counter type="INSTRUCTION" missed="0" covered="6"/>
                <counter type="LINE" missed="0" covered="1"/>
                <counter type="COMPLEXITY" missed="0" covered="1"/>
                <counter type="METHOD" missed="0" covered="1"/>
            </method>
            <method name="play" desc="()Lcom/example/demo/entities/Song;" line="28">
                <counter type="INSTRUCTION" missed="80" covered="0"/>
                <counter type="BRANCH" missed="8" covered="0"/>
                <counter type="LINE" missed="15" covered="0"/>
                <counter type="COMPLEXITY" missed="5" covered="0"/>
                <counter type="METHOD" missed="1" covered="0"/>
            </method>
            <method name="nextSong" desc="()Lcom/example/demo/entities/Song;" line="55">
                <counter type="INSTRUCTION" missed="42" covered="0"/>
                <counter type="BRANCH" missed="2" covered="0"/>
                <counter type="LINE" missed="8" covered="0"/>
                <counter type="COMPLEXITY" missed="2" covered="0"/>
                <counter type="METHOD" missed="1" covered="0"/>
            </method>
            <method name="previousSong" desc="()Lcom/example/demo/entities/Song;" line="68">
                <counter type="INSTRUCTION" missed="46" covered="0"/>
                <counter type="BRANCH" missed="2" covered="0"/>
                <counter type="LINE" missed="8" covered="0"/>
                <counter type="COMPLEXITY" missed="2" covered="0"/>
                <counter type="METHOD" missed="1" covered="0"/>
            </method>
            <method name="stop" desc="()V" line="81">
                <counter type="INSTRUCTION" missed="27" covered="0"/>
                <counter type="BRANCH" missed="2" covered="0"/>
                <counter type="LINE" missed="8" covered="0"/>
                <counter type="COMPLEXITY" missed="2" covered="0"/>
                <counter type="METHOD" missed="1" covered="0"/>
            </method>
            <method name="toString" desc="()Ljava/lang/String;" line="94">
                <counter type="INSTRUCTION" missed="4" covered="0"/>
                <counter type="LINE" missed="1" covered="0"/>
                <counter type="COMPLEXITY" missed="1" covered="0"/>
                <counter type="METHOD" missed="1" covered="0"/>
            </method>
            <method name="getSongList" desc="()Ljava/lang/String;" line="98">
                <counter type="INSTRUCTION" missed="25" covered="0"/>
                <counter type="BRANCH" missed="2" covered="0"/>
                <counter type="LINE" missed="5" covered="0"/>
                <counter type="COMPLEXITY" missed="2" covered="0"/>
                <counter type="METHOD" missed="1" covered="0"/>
            </method>
            <counter type="INSTRUCTION" missed="232" covered="47"/>
            <counter type="BRANCH" missed="18" covered="0"/>
            <counter type="LINE" missed="46" covered="13"/>
            <counter type="COMPLEXITY" missed="16" covered="6"/>
            <counter type="METHOD" missed="7" covered="6"/>
            <counter type="CLASS" missed="0" covered="1"/>
        </class>
        <sourcefile name="Song.java">
            <line nr="12" mi="0" ci="2" mb="0" cb="0"/>
            <line nr="13" mi="0" ci="3" mb="0" cb="0"/>
            <line nr="14" mi="0" ci="3" mb="0" cb="0"/>
            <line nr="15" mi="0" ci="3" mb="0" cb="0"/>
            <line nr="16" mi="0" ci="3" mb="0" cb="0"/>
            <line nr="17" mi="0" ci="3" mb="0" cb="0"/>
            <line nr="18" mi="0" ci="1" mb="0" cb="0"/>
            <line nr="20" mi="0" ci="3" mb="0" cb="0"/>
            <line nr="21" mi="3" ci="0" mb="0" cb="0"/>
            <line nr="22" mi="3" ci="0" mb="0" cb="0"/>
            <line nr="23" mi="3" ci="0" mb="0" cb="0"/>
            <line nr="24" mi="3" ci="0" mb="0" cb="0"/>
            <line nr="28" mi="0" ci="4" mb="0" cb="0"/>
            <counter type="INSTRUCTION" missed="12" covered="25"/>
            <counter type="LINE" missed="4" covered="9"/>
            <counter type="COMPLEXITY" missed="4" covered="3"/>
            <counter type="METHOD" missed="4" covered="3"/>
            <counter type="CLASS" missed="0" covered="1"/>
        </sourcefile>
        <sourcefile name="Playlist.java">
            <line nr="11" mi="0" ci="3" mb="0" cb="0"/>
            <line nr="12" mi="0" ci="3" mb="0" cb="0"/>
            <line nr="13" mi="0" ci="3" mb="0" cb="0"/>
            <line nr="15" mi="0" ci="2" mb="0" cb="0"/>
            <line nr="16" mi="0" ci="3" mb="0" cb="0"/>
            <line nr="17" mi="0" ci="3" mb="0" cb="0"/>
            <line nr="18" mi="0" ci="5" mb="0" cb="0"/>
            <line nr="19" mi="0" ci="1" mb="0" cb="0"/>
            <line nr="20" mi="0" ci="3" mb="0" cb="0"/>
            <line nr="21" mi="0" ci="3" mb="0" cb="0"/>
            <line nr="22" mi="0" ci="6" mb="0" cb="0"/>
            <line nr="23" mi="0" ci="6" mb="0" cb="0"/>
            <line nr="24" mi="8" ci="0" mb="2" cb="0"/>
            <line nr="25" mi="0" ci="6" mb="0" cb="0"/>
            <line nr="28" mi="4" ci="0" mb="2" cb="0"/>
            <line nr="29" mi="3" ci="0" mb="0" cb="0"/>
            <line nr="30" mi="2" ci="0" mb="0" cb="0"/>
            <line nr="33" mi="3" ci="0" mb="2" cb="0"/>
            <line nr="34" mi="3" ci="0" mb="0" cb="0"/>
            <line nr="35" mi="10" ci="0" mb="0" cb="0"/>
            <line nr="36" mi="7" ci="0" mb="0" cb="0"/>
            <line nr="39" mi="3" ci="0" mb="2" cb="0"/>
            <line nr="40" mi="10" ci="0" mb="2" cb="0"/>
            <line nr="41" mi="3" ci="0" mb="0" cb="0"/>
            <line nr="42" mi="10" ci="0" mb="0" cb="0"/>
            <line nr="43" mi="7" ci="0" mb="0" cb="0"/>
            <line nr="47" mi="3" ci="0" mb="0" cb="0"/>
            <line nr="48" mi="10" ci="0" mb="0" cb="0"/>
            <line nr="49" mi="2" ci="0" mb="0" cb="0"/>
            <line nr="55" mi="4" ci="0" mb="2" cb="0"/>
            <line nr="56" mi="3" ci="0" mb="0" cb="0"/>
            <line nr="57" mi="2" ci="0" mb="0" cb="0"/>
            <line nr="60" mi="10" ci="0" mb="0" cb="0"/>
            <line nr="61" mi="3" ci="0" mb="0" cb="0"/>
            <line nr="62" mi="3" ci="0" mb="0" cb="0"/>
            <line nr="63" mi="10" ci="0" mb="0" cb="0"/>
            <line nr="64" mi="7" ci="0" mb="0" cb="0"/>
            <line nr="68" mi="4" ci="0" mb="2" cb="0"/>
            <line nr="69" mi="3" ci="0" mb="0" cb="0"/>
            <line nr="70" mi="2" ci="0" mb="0" cb="0"/>
            <line nr="73" mi="14" ci="0" mb="0" cb="0"/>
            <line nr="74" mi="3" ci="0" mb="0" cb="0"/>
            <line nr="75" mi="3" ci="0" mb="0" cb="0"/>
            <line nr="76" mi="10" ci="0" mb="0" cb="0"/>
            <line nr="77" mi="7" ci="0" mb="0" cb="0"/>
            <line nr="81" mi="3" ci="0" mb="2" cb="0"/>
            <line nr="82" mi="3" ci="0" mb="0" cb="0"/>
            <line nr="83" mi="1" ci="0" mb="0" cb="0"/>
            <line nr="86" mi="10" ci="0" mb="0" cb="0"/>
            <line nr="87" mi="3" ci="0" mb="0" cb="0"/>
            <line nr="88" mi="3" ci="0" mb="0" cb="0"/>
            <line nr="89" mi="3" ci="0" mb="0" cb="0"/>
            <line nr="90" mi="1" ci="0" mb="0" cb="0"/>
            <line nr="94" mi="4" ci="0" mb="0" cb="0"/>
            <line nr="98" mi="4" ci="0" mb="0" cb="0"/>
            <line nr="99" mi="11" ci="0" mb="2" cb="0"/>
            <line nr="100" mi="6" ci="0" mb="0" cb="0"/>
            <line nr="101" mi="1" ci="0" mb="0" cb="0"/>
            <line nr="102" mi="3" ci="0" mb="0" cb="0"/>
            <counter type="INSTRUCTION" missed="232" covered="47"/>
            <counter type="BRANCH" missed="18" covered="0"/>
            <counter type="LINE" missed="46" covered="13"/>
            <counter type="COMPLEXITY" missed="16" covered="6"/>
            <counter type="METHOD" missed="7" covered="6"/>
            <counter type="CLASS" missed="0" covered="1"/>
        </sourcefile>
        <counter type="INSTRUCTION" missed="244" covered="72"/>
        <counter type="BRANCH" missed="18" covered="0"/>
        <counter type="LINE" missed="50" covered="22"/>
        <counter type="COMPLEXITY" missed="20" covered="9"/>
        <counter type="METHOD" missed="11" covered="9"/>
        <counter type="CLASS" missed="0" covered="2"/>
    </package>
    <package name="com/example/demo/services">
        <class name="com/example/demo/services/PlaylistService" sourcefilename="PlaylistService.java">
            <method name="&lt;init&gt;"
                    desc="(Lcom/example/demo/repositories/IPlaylistRepository;Lcom/example/demo/repositories/ISongRepository;)V"
                    line="14">
                <counter type="INSTRUCTION" missed="0" covered="22"/>
                <counter type="LINE" missed="0" covered="8"/>
                <counter type="COMPLEXITY" missed="0" covered="1"/>
                <counter type="METHOD" missed="0" covered="1"/>
            </method>
            <method name="createPlaylist" desc="(Ljava/lang/String;Ljava/util/List;)V" line="26">
                <counter type="INSTRUCTION" missed="0" covered="56"/>
                <counter type="BRANCH" missed="1" covered="3"/>
                <counter type="LINE" missed="0" covered="8"/>
                <counter type="COMPLEXITY" missed="1" covered="2"/>
                <counter type="METHOD" missed="0" covered="1"/>
            </method>
            <method name="loadPlaylist" desc="(Ljava/lang/String;)V" line="40">
                <counter type="INSTRUCTION" missed="3" covered="22"/>
                <counter type="BRANCH" missed="1" covered="1"/>
                <counter type="LINE" missed="1" covered="6"/>
                <counter type="COMPLEXITY" missed="1" covered="1"/>
                <counter type="METHOD" missed="0" covered="1"/>
            </method>
            <method name="playSong" desc="()V" line="51">
                <counter type="INSTRUCTION" missed="16" covered="54"/>
                <counter type="BRANCH" missed="4" covered="6"/>
                <counter type="LINE" missed="4" covered="12"/>
                <counter type="COMPLEXITY" missed="4" covered="2"/>
                <counter type="METHOD" missed="0" covered="1"/>
            </method>
            <method name="nextSong" desc="()V" line="77">
                <counter type="INSTRUCTION" missed="4" covered="38"/>
                <counter type="BRANCH" missed="3" covered="3"/>
                <counter type="LINE" missed="2" covered="5"/>
                <counter type="COMPLEXITY" missed="3" covered="1"/>
                <counter type="METHOD" missed="0" covered="1"/>
            </method>
            <method name="previousSong" desc="()V" line="88">
                <counter type="INSTRUCTION" missed="4" covered="43"/>
                <counter type="BRANCH" missed="3" covered="3"/>
                <counter type="LINE" missed="2" covered="5"/>
                <counter type="COMPLEXITY" missed="3" covered="1"/>
                <counter type="METHOD" missed="0" covered="1"/>
            </method>
            <method name="stopSong" desc="()V" line="99">
                <counter type="INSTRUCTION" missed="4" covered="22"/>
                <counter type="BRANCH" missed="2" covered="2"/>
                <counter type="LINE" missed="2" covered="6"/>
                <counter type="COMPLEXITY" missed="2" covered="1"/>
                <counter type="METHOD" missed="0" covered="1"/>
            </method>
            <method name="deletePlaylist" desc="(Ljava/lang/String;)V" line="111">
                <counter type="INSTRUCTION" missed="3" covered="15"/>
                <counter type="BRANCH" missed="1" covered="1"/>
                <counter type="LINE" missed="1" covered="4"/>
                <counter type="COMPLEXITY" missed="1" covered="1"/>
                <counter type="METHOD" missed="0" covered="1"/>
            </method>
            <method name="addSongToPlaylist" desc="(Ljava/lang/String;Ljava/lang/Long;)V" line="120">
                <counter type="INSTRUCTION" missed="3" covered="38"/>
                <counter type="BRANCH" missed="2" covered="2"/>
                <counter type="LINE" missed="1" covered="9"/>
                <counter type="COMPLEXITY" missed="2" covered="1"/>
                <counter type="METHOD" missed="0" covered="1"/>
            </method>
            <method name="deleteSongFromPlaylist" desc="(Ljava/lang/String;Ljava/lang/Long;)V" line="134">
                <counter type="INSTRUCTION" missed="3" covered="38"/>
                <counter type="BRANCH" missed="2" covered="2"/>
                <counter type="LINE" missed="1" covered="9"/>
                <counter type="COMPLEXITY" missed="2" covered="1"/>
                <counter type="METHOD" missed="0" covered="1"/>
            </method>
            <counter type="INSTRUCTION" missed="40" covered="348"/>
            <counter type="BRANCH" missed="19" covered="23"/>
            <counter type="LINE" missed="14" covered="72"/>
            <counter type="COMPLEXITY" missed="19" covered="12"/>
            <counter type="METHOD" missed="0" covered="10"/>
            <counter type="CLASS" missed="0" covered="1"/>
        </class>
        <class name="com/example/demo/services/SongService" sourcefilename="SongService.java">
            <method name="&lt;init&gt;" desc="(Lcom/example/demo/repositories/ISongRepository;)V" line="12">
                <counter type="INSTRUCTION" missed="0" covered="10"/>
                <counter type="LINE" missed="0" covered="4"/>
                <counter type="COMPLEXITY" missed="0" covered="1"/>
                <counter type="METHOD" missed="0" covered="1"/>
            </method>
            <method name="addSong"
                    desc="(Ljava/lang/String;Ljava/lang/String;Ljava/lang/String;Ljava/lang/String;)Lcom/example/demo/entities/Song;"
                    line="19">
                <counter type="INSTRUCTION" missed="0" covered="34"/>
                <counter type="LINE" missed="0" covered="4"/>
                <counter type="COMPLEXITY" missed="0" covered="1"/>
                <counter type="METHOD" missed="0" covered="1"/>
            </method>
            <method name="listSongs" desc="()V" line="27">
                <counter type="INSTRUCTION" missed="0" covered="8"/>
                <counter type="LINE" missed="0" covered="3"/>
                <counter type="COMPLEXITY" missed="0" covered="1"/>
                <counter type="METHOD" missed="0" covered="1"/>
            </method>
            <method name="getSongById" desc="(Ljava/lang/Long;)Lcom/example/demo/entities/Song;" line="33">
                <counter type="INSTRUCTION" missed="8" covered="0"/>
                <counter type="LINE" missed="1" covered="0"/>
                <counter type="COMPLEXITY" missed="1" covered="0"/>
                <counter type="METHOD" missed="1" covered="0"/>
            </method>
            <method name="removeSong" desc="(Ljava/lang/Long;)V" line="38">
                <counter type="INSTRUCTION" missed="5" covered="0"/>
                <counter type="LINE" missed="2" covered="0"/>
                <counter type="COMPLEXITY" missed="1" covered="0"/>
                <counter type="METHOD" missed="1" covered="0"/>
            </method>
            <counter type="INSTRUCTION" missed="13" covered="52"/>
            <counter type="LINE" missed="3" covered="11"/>
            <counter type="COMPLEXITY" missed="2" covered="3"/>
            <counter type="METHOD" missed="2" covered="3"/>
            <counter type="CLASS" missed="0" covered="1"/>
        </class>
        <sourcefile name="SongService.java">
            <line nr="12" mi="0" ci="2" mb="0" cb="0"/>
            <line nr="13" mi="0" ci="3" mb="0" cb="0"/>
            <line nr="14" mi="0" ci="4" mb="0" cb="0"/>
            <line nr="15" mi="0" ci="1" mb="0" cb="0"/>
            <line nr="19" mi="0" ci="22" mb="0" cb="0"/>
            <line nr="20" mi="0" ci="5" mb="0" cb="0"/>
            <line nr="21" mi="0" ci="5" mb="0" cb="0"/>
            <line nr="22" mi="0" ci="2" mb="0" cb="0"/>
            <line nr="27" mi="0" ci="4" mb="0" cb="0"/>
            <line nr="28" mi="0" ci="3" mb="0" cb="0"/>
            <line nr="29" mi="0" ci="1" mb="0" cb="0"/>
            <line nr="33" mi="8" ci="0" mb="0" cb="0"/>
            <line nr="38" mi="4" ci="0" mb="0" cb="0"/>
            <line nr="39" mi="1" ci="0" mb="0" cb="0"/>
            <counter type="INSTRUCTION" missed="13" covered="52"/>
            <counter type="LINE" missed="3" covered="11"/>
            <counter type="COMPLEXITY" missed="2" covered="3"/>
            <counter type="METHOD" missed="2" covered="3"/>
            <counter type="CLASS" missed="0" covered="1"/>
        </sourcefile>
        <sourcefile name="PlaylistService.java">
            <line nr="14" mi="0" ci="3" mb="0" cb="0"/>
            <line nr="15" mi="0" ci="3" mb="0" cb="0"/>
            <line nr="16" mi="0" ci="3" mb="0" cb="0"/>
            <line nr="18" mi="0" ci="4" mb="0" cb="0"/>
            <line nr="20" mi="0" ci="2" mb="0" cb="0"/>
            <line nr="21" mi="0" ci="3" mb="0" cb="0"/>
            <line nr="22" mi="0" ci="3" mb="0" cb="0"/>
            <line nr="23" mi="0" ci="1" mb="0" cb="0"/>
            <line nr="26" mi="0" ci="5" mb="1" cb="1"/>
            <line nr="27" mi="0" ci="19" mb="0" cb="0"/>
            <line nr="30" mi="0" ci="10" mb="0" cb="2"/>
            <line nr="31" mi="0" ci="10" mb="0" cb="0"/>
            <line nr="32" mi="0" ci="1" mb="0" cb="0"/>
            <line nr="34" mi="0" ci="5" mb="0" cb="0"/>
            <line nr="35" mi="0" ci="5" mb="0" cb="0"/>
            <line nr="37" mi="0" ci="1" mb="0" cb="0"/>
            <line nr="40" mi="0" ci="5" mb="0" cb="0"/>
            <line nr="41" mi="0" ci="3" mb="1" cb="1"/>
            <line nr="42" mi="0" ci="5" mb="0" cb="0"/>
            <line nr="43" mi="0" ci="3" mb="0" cb="0"/>
            <line nr="44" mi="0" ci="5" mb="0" cb="0"/>
            <line nr="46" mi="3" ci="0" mb="0" cb="0"/>
            <line nr="48" mi="0" ci="1" mb="0" cb="0"/>
            <line nr="51" mi="0" ci="8" mb="2" cb="2"/>
            <line nr="52" mi="3" ci="0" mb="0" cb="0"/>
            <line nr="53" mi="1" ci="0" mb="0" cb="0"/>
            <line nr="56" mi="0" ci="3" mb="0" cb="2"/>
            <line nr="58" mi="0" ci="3" mb="1" cb="1"/>
            <line nr="59" mi="6" ci="0" mb="0" cb="0"/>
            <line nr="60" mi="4" ci="0" mb="0" cb="0"/>
            <line nr="62" mi="0" ci="6" mb="0" cb="0"/>
            <line nr="63" mi="0" ci="3" mb="0" cb="0"/>
            <line nr="65" mi="0" ci="1" mb="0" cb="0"/>
            <line nr="69" mi="2" ci="8" mb="1" cb="1"/>
            <line nr="70" mi="0" ci="9" mb="0" cb="0"/>
            <line nr="71" mi="0" ci="6" mb="0" cb="0"/>
            <line nr="72" mi="0" ci="3" mb="0" cb="0"/>
            <line nr="73" mi="0" ci="3" mb="0" cb="0"/>
            <line nr="74" mi="0" ci="1" mb="0" cb="0"/>
            <line nr="77" mi="0" ci="11" mb="3" cb="3"/>
            <line nr="78" mi="3" ci="0" mb="0" cb="0"/>
            <line nr="79" mi="1" ci="0" mb="0" cb="0"/>
            <line nr="82" mi="0" ci="11" mb="0" cb="0"/>
            <line nr="83" mi="0" ci="9" mb="0" cb="0"/>
            <line nr="84" mi="0" ci="6" mb="0" cb="0"/>
            <line nr="85" mi="0" ci="1" mb="0" cb="0"/>
            <line nr="88" mi="0" ci="11" mb="3" cb="3"/>
            <line nr="89" mi="3" ci="0" mb="0" cb="0"/>
            <line nr="90" mi="1" ci="0" mb="0" cb="0"/>
            <line nr="93" mi="0" ci="16" mb="0" cb="0"/>
            <line nr="94" mi="0" ci="9" mb="0" cb="0"/>
            <line nr="95" mi="0" ci="6" mb="0" cb="0"/>
            <line nr="96" mi="0" ci="1" mb="0" cb="0"/>
            <line nr="99" mi="0" ci="6" mb="2" cb="2"/>
            <line nr="100" mi="3" ci="0" mb="0" cb="0"/>
            <line nr="101" mi="1" ci="0" mb="0" cb="0"/>
            <line nr="104" mi="0" ci="6" mb="0" cb="0"/>
            <line nr="105" mi="0" ci="3" mb="0" cb="0"/>
            <line nr="106" mi="0" ci="3" mb="0" cb="0"/>
            <line nr="107" mi="0" ci="3" mb="0" cb="0"/>
            <line nr="108" mi="0" ci="1" mb="0" cb="0"/>
            <line nr="111" mi="0" ci="5" mb="1" cb="1"/>
            <line nr="112" mi="0" ci="4" mb="0" cb="0"/>
            <line nr="113" mi="0" ci="5" mb="0" cb="0"/>
            <line nr="115" mi="3" ci="0" mb="0" cb="0"/>
            <line nr="117" mi="0" ci="1" mb="0" cb="0"/>
            <line nr="120" mi="0" ci="5" mb="0" cb="0"/>
            <line nr="121" mi="0" ci="5" mb="0" cb="0"/>
            <line nr="123" mi="0" ci="6" mb="2" cb="2"/>
            <line nr="124" mi="0" ci="4" mb="0" cb="0"/>
            <line nr="125" mi="0" ci="5" mb="0" cb="0"/>
            <line nr="126" mi="0" ci="5" mb="0" cb="0"/>
            <line nr="127" mi="0" ci="6" mb="0" cb="0"/>
            <line nr="128" mi="0" ci="1" mb="0" cb="0"/>
            <line nr="129" mi="3" ci="0" mb="0" cb="0"/>
            <line nr="131" mi="0" ci="1" mb="0" cb="0"/>
            <line nr="134" mi="0" ci="5" mb="0" cb="0"/>
            <line nr="135" mi="0" ci="5" mb="0" cb="0"/>
            <line nr="137" mi="0" ci="6" mb="2" cb="2"/>
            <line nr="138" mi="0" ci="4" mb="0" cb="0"/>
            <line nr="139" mi="0" ci="5" mb="0" cb="0"/>
            <line nr="140" mi="0" ci="5" mb="0" cb="0"/>
            <line nr="141" mi="0" ci="6" mb="0" cb="0"/>
            <line nr="142" mi="0" ci="1" mb="0" cb="0"/>
            <line nr="143" mi="3" ci="0" mb="0" cb="0"/>
            <line nr="145" mi="0" ci="1" mb="0" cb="0"/>
            <counter type="INSTRUCTION" missed="40" covered="348"/>
            <counter type="BRANCH" missed="19" covered="23"/>
            <counter type="LINE" missed="14" covered="72"/>
            <counter type="COMPLEXITY" missed="19" covered="12"/>
            <counter type="METHOD" missed="0" covered="10"/>
            <counter type="CLASS" missed="0" covered="1"/>
        </sourcefile>
        <counter type="INSTRUCTION" missed="53" covered="400"/>
        <counter type="BRANCH" missed="19" covered="23"/>
        <counter type="LINE" missed="17" covered="83"/>
        <counter type="COMPLEXITY" missed="21" covered="15"/>
        <counter type="METHOD" missed="2" covered="13"/>
        <counter type="CLASS" missed="0" covered="2"/>
    </package>
    <package name="com/example/demo">
        <class name="com/example/demo/App" sourcefilename="App.java">
            <method name="&lt;init&gt;" desc="()V" line="11">
                <counter type="INSTRUCTION" missed="3" covered="0"/>
                <counter type="LINE" missed="1" covered="0"/>
                <counter type="COMPLEXITY" missed="1" covered="0"/>
                <counter type="METHOD" missed="1" covered="0"/>
            </method>
            <method name="main" desc="([Ljava/lang/String;)V" line="15">
                <counter type="INSTRUCTION" missed="18" covered="0"/>
                <counter type="BRANCH" missed="2" covered="0"/>
                <counter type="LINE" missed="5" covered="0"/>
                <counter type="COMPLEXITY" missed="2" covered="0"/>
                <counter type="METHOD" missed="1" covered="0"/>
            </method>
            <method name="run" desc="(Ljava/util/List;)V" line="26">
                <counter type="INSTRUCTION" missed="13" covered="45"/>
                <counter type="BRANCH" missed="2" covered="4"/>
                <counter type="LINE" missed="4" covered="10"/>
                <counter type="COMPLEXITY" missed="2" covered="2"/>
                <counter type="METHOD" missed="0" covered="1"/>
            </method>
            <counter type="INSTRUCTION" missed="34" covered="45"/>
            <counter type="BRANCH" missed="4" covered="4"/>
            <counter type="LINE" missed="10" covered="10"/>
            <counter type="COMPLEXITY" missed="5" covered="2"/>
            <counter type="METHOD" missed="2" covered="1"/>
            <counter type="CLASS" missed="0" covered="1"/>
        </class>
        <class name="com/example/demo/Configuration" sourcefilename="Configuration.java">
            <method name="&lt;init&gt;" desc="()V" line="14">
                <counter type="INSTRUCTION" missed="0" covered="115"/>
                <counter type="LINE" missed="0" covered="19"/>
                <counter type="COMPLEXITY" missed="0" covered="1"/>
                <counter type="METHOD" missed="0" covered="1"/>
            </method>
            <method name="getInstance" desc="()Lcom/example/demo/Configuration;" line="20">
                <counter type="INSTRUCTION" missed="0" covered="2"/>
                <counter type="LINE" missed="0" covered="1"/>
                <counter type="COMPLEXITY" missed="0" covered="1"/>
                <counter type="METHOD" missed="0" covered="1"/>
            </method>
            <method name="registerCommands" desc="()V" line="49">
                <counter type="INSTRUCTION" missed="0" covered="67"/>
                <counter type="LINE" missed="0" covered="12"/>
                <counter type="COMPLEXITY" missed="0" covered="1"/>
                <counter type="METHOD" missed="0" covered="1"/>
            </method>
            <method name="getCommandRegistry" desc="()Lcom/example/demo/commands/CommandRegistry;" line="67">
                <counter type="INSTRUCTION" missed="0" covered="5"/>
                <counter type="LINE" missed="0" covered="2"/>
                <counter type="COMPLEXITY" missed="0" covered="1"/>
                <counter type="METHOD" missed="0" covered="1"/>
            </method>
            <method name="&lt;clinit&gt;" desc="()V" line="10">
                <counter type="INSTRUCTION" missed="0" covered="5"/>
                <counter type="LINE" missed="0" covered="1"/>
                <counter type="COMPLEXITY" missed="0" covered="1"/>
                <counter type="METHOD" missed="0" covered="1"/>
            </method>
            <counter type="INSTRUCTION" missed="0" covered="194"/>
            <counter type="LINE" missed="0" covered="35"/>
            <counter type="COMPLEXITY" missed="0" covered="5"/>
            <counter type="METHOD" missed="0" covered="5"/>
            <counter type="CLASS" missed="0" covered="1"/>
        </class>
        <class name="com/example/demo/PlaylistManager" sourcefilename="PlaylistManager.java">
            <method name="&lt;init&gt;" desc="()V" line="3">
                <counter type="INSTRUCTION" missed="3" covered="0"/>
                <counter type="LINE" missed="1" covered="0"/>
                <counter type="COMPLEXITY" missed="1" covered="0"/>
                <counter type="METHOD" missed="1" covered="0"/>
            </method>
            <counter type="INSTRUCTION" missed="3" covered="0"/>
            <counter type="LINE" missed="1" covered="0"/>
            <counter type="COMPLEXITY" missed="1" covered="0"/>
            <counter type="METHOD" missed="1" covered="0"/>
            <counter type="CLASS" missed="1" covered="0"/>
        </class>
        <sourcefile name="Configuration.java">
            <line nr="10" mi="0" ci="5" mb="0" cb="0"/>
            <line nr="14" mi="0" ci="2" mb="0" cb="0"/>
            <line nr="15" mi="0" ci="2" mb="0" cb="0"/>
            <line nr="16" mi="0" ci="1" mb="0" cb="0"/>
            <line nr="20" mi="0" ci="2" mb="0" cb="0"/>
            <line nr="23" mi="0" ci="5" mb="0" cb="0"/>
            <line nr="24" mi="0" ci="5" mb="0" cb="0"/>
            <line nr="27" mi="0" ci="7" mb="0" cb="0"/>
            <line nr="28" mi="0" ci="9" mb="0" cb="0"/>
            <line nr="31" mi="0" ci="7" mb="0" cb="0"/>
            <line nr="32" mi="0" ci="7" mb="0" cb="0"/>
            <line nr="33" mi="0" ci="7" mb="0" cb="0"/>
            <line nr="34" mi="0" ci="7" mb="0" cb="0"/>
            <line nr="35" mi="0" ci="9" mb="0" cb="0"/>
            <line nr="36" mi="0" ci="7" mb="0" cb="0"/>
            <line nr="37" mi="0" ci="7" mb="0" cb="0"/>
            <line nr="38" mi="0" ci="7" mb="0" cb="0"/>
            <line nr="39" mi="0" ci="7" mb="0" cb="0"/>
            <line nr="40" mi="0" ci="7" mb="0" cb="0"/>
            <line nr="41" mi="0" ci="7" mb="0" cb="0"/>
            <line nr="44" mi="0" ci="5" mb="0" cb="0"/>
            <line nr="49" mi="0" ci="6" mb="0" cb="0"/>
            <line nr="50" mi="0" ci="6" mb="0" cb="0"/>
            <line nr="53" mi="0" ci="6" mb="0" cb="0"/>
            <line nr="54" mi="0" ci="6" mb="0" cb="0"/>
            <line nr="55" mi="0" ci="6" mb="0" cb="0"/>
            <line nr="56" mi="0" ci="6" mb="0" cb="0"/>
            <line nr="59" mi="0" ci="6" mb="0" cb="0"/>
            <line nr="60" mi="0" ci="6" mb="0" cb="0"/>
            <line nr="61" mi="0" ci="6" mb="0" cb="0"/>
            <line nr="62" mi="0" ci="6" mb="0" cb="0"/>
            <line nr="63" mi="0" ci="6" mb="0" cb="0"/>
            <line nr="64" mi="0" ci="1" mb="0" cb="0"/>
            <line nr="67" mi="0" ci="2" mb="0" cb="0"/>
            <line nr="68" mi="0" ci="3" mb="0" cb="0"/>
            <counter type="INSTRUCTION" missed="0" covered="194"/>
            <counter type="LINE" missed="0" covered="35"/>
            <counter type="COMPLEXITY" missed="0" covered="5"/>
            <counter type="METHOD" missed="0" covered="5"/>
            <counter type="CLASS" missed="0" covered="1"/>
        </sourcefile>
        <sourcefile name="PlaylistManager.java">
            <line nr="3" mi="3" ci="0" mb="0" cb="0"/>
            <counter type="INSTRUCTION" missed="3" covered="0"/>
            <counter type="LINE" missed="1" covered="0"/>
            <counter type="COMPLEXITY" missed="1" covered="0"/>
            <counter type="METHOD" missed="1" covered="0"/>
            <counter type="CLASS" missed="1" covered="0"/>
        </sourcefile>
        <sourcefile name="App.java">
            <line nr="11" mi="3" ci="0" mb="0" cb="0"/>
            <line nr="15" mi="4" ci="0" mb="2" cb="0"/>
            <line nr="16" mi="5" ci="0" mb="0" cb="0"/>
            <line nr="19" mi="6" ci="0" mb="0" cb="0"/>
            <line nr="20" mi="2" ci="0" mb="0" cb="0"/>
            <line nr="21" mi="1" ci="0" mb="0" cb="0"/>
            <line nr="26" mi="0" ci="2" mb="0" cb="0"/>
            <line nr="27" mi="0" ci="3" mb="0" cb="0"/>
            <line nr="31" mi="0" ci="7" mb="1" cb="1"/>
            <line nr="32" mi="0" ci="10" mb="0" cb="0"/>
            <line nr="34" mi="5" ci="0" mb="0" cb="0"/>
            <line nr="38" mi="0" ci="8" mb="0" cb="0"/>
            <line nr="40" mi="0" ci="5" mb="0" cb="2"/>
            <line nr="42" mi="0" ci="4" mb="1" cb="1"/>
            <line nr="43" mi="0" ci="4" mb="0" cb="0"/>
            <line nr="46" mi="1" ci="0" mb="0" cb="0"/>
            <line nr="48" mi="5" ci="0" mb="0" cb="0"/>
            <line nr="49" mi="2" ci="0" mb="0" cb="0"/>
            <line nr="50" mi="0" ci="1" mb="0" cb="0"/>
            <line nr="51" mi="0" ci="1" mb="0" cb="0"/>
            <counter type="INSTRUCTION" missed="34" covered="45"/>
            <counter type="BRANCH" missed="4" covered="4"/>
            <counter type="LINE" missed="10" covered="10"/>
            <counter type="COMPLEXITY" missed="5" covered="2"/>
            <counter type="METHOD" missed="2" covered="1"/>
            <counter type="CLASS" missed="0" covered="1"/>
        </sourcefile>
        <counter type="INSTRUCTION" missed="37" covered="239"/>
        <counter type="BRANCH" missed="4" covered="4"/>
        <counter type="LINE" missed="11" covered="45"/>
        <counter type="COMPLEXITY" missed="6" covered="7"/>
        <counter type="METHOD" missed="3" covered="6"/>
        <counter type="CLASS" missed="1" covered="2"/>
    </package>
    <package name="com/example/demo/commands">
        <class name="com/example/demo/commands/PlaySongCommand" sourcefilename="PlaySongCommand.java">
            <method name="&lt;init&gt;" desc="(Lcom/example/demo/services/PlaylistService;)V" line="9">
                <counter type="INSTRUCTION" missed="0" covered="6"/>
                <counter type="LINE" missed="0" covered="3"/>
                <counter type="COMPLEXITY" missed="0" covered="1"/>
                <counter type="METHOD" missed="0" covered="1"/>
            </method>
            <method name="invoke" desc="(Ljava/util/List;)V" line="15">
                <counter type="INSTRUCTION" missed="0" covered="4"/>
                <counter type="LINE" missed="0" covered="2"/>
                <counter type="COMPLEXITY" missed="0" covered="1"/>
                <counter type="METHOD" missed="0" covered="1"/>
            </method>
            <counter type="INSTRUCTION" missed="0" covered="10"/>
            <counter type="LINE" missed="0" covered="5"/>
            <counter type="COMPLEXITY" missed="0" covered="2"/>
            <counter type="METHOD" missed="0" covered="2"/>
            <counter type="CLASS" missed="0" covered="1"/>
        </class>
        <class name="com/example/demo/commands/StopSongCommand" sourcefilename="StopSongCommand.java">
            <method name="&lt;init&gt;" desc="(Lcom/example/demo/services/PlaylistService;)V" line="9">
                <counter type="INSTRUCTION" missed="0" covered="6"/>
                <counter type="LINE" missed="0" covered="3"/>
                <counter type="COMPLEXITY" missed="0" covered="1"/>
                <counter type="METHOD" missed="0" covered="1"/>
            </method>
            <method name="invoke" desc="(Ljava/util/List;)V" line="15">
                <counter type="INSTRUCTION" missed="0" covered="4"/>
                <counter type="LINE" missed="0" covered="2"/>
                <counter type="COMPLEXITY" missed="0" covered="1"/>
                <counter type="METHOD" missed="0" covered="1"/>
            </method>
            <counter type="INSTRUCTION" missed="0" covered="10"/>
            <counter type="LINE" missed="0" covered="5"/>
            <counter type="COMPLEXITY" missed="0" covered="2"/>
            <counter type="METHOD" missed="0" covered="2"/>
            <counter type="CLASS" missed="0" covered="1"/>
        </class>
        <class name="com/example/demo/commands/AddSongCommand" sourcefilename="AddSongCommand.java">
            <method name="&lt;init&gt;" desc="(Lcom/example/demo/services/SongService;)V" line="10">
                <counter type="INSTRUCTION" missed="0" covered="6"/>
                <counter type="LINE" missed="0" covered="3"/>
                <counter type="COMPLEXITY" missed="0" covered="1"/>
                <counter type="METHOD" missed="0" covered="1"/>
            </method>
            <method name="invoke" desc="(Ljava/util/List;)V" line="16">
                <counter type="INSTRUCTION" missed="0" covered="29"/>
                <counter type="LINE" missed="0" covered="6"/>
                <counter type="COMPLEXITY" missed="0" covered="1"/>
                <counter type="METHOD" missed="0" covered="1"/>
            </method>
            <counter type="INSTRUCTION" missed="0" covered="35"/>
            <counter type="LINE" missed="0" covered="9"/>
            <counter type="COMPLEXITY" missed="0" covered="2"/>
            <counter type="METHOD" missed="0" covered="2"/>
            <counter type="CLASS" missed="0" covered="1"/>
        </class>
        <class name="com/example/demo/commands/PreviousSongCommand" sourcefilename="PreviousSongCommand.java">
            <method name="&lt;init&gt;" desc="(Lcom/example/demo/services/PlaylistService;)V" line="9">
                <counter type="INSTRUCTION" missed="0" covered="6"/>
                <counter type="LINE" missed="0" covered="3"/>
                <counter type="COMPLEXITY" missed="0" covered="1"/>
                <counter type="METHOD" missed="0" covered="1"/>
            </method>
            <method name="invoke" desc="(Ljava/util/List;)V" line="15">
                <counter type="INSTRUCTION" missed="0" covered="4"/>
                <counter type="LINE" missed="0" covered="2"/>
                <counter type="COMPLEXITY" missed="0" covered="1"/>
                <counter type="METHOD" missed="0" covered="1"/>
            </method>
            <counter type="INSTRUCTION" missed="0" covered="10"/>
            <counter type="LINE" missed="0" covered="5"/>
            <counter type="COMPLEXITY" missed="0" covered="2"/>
            <counter type="METHOD" missed="0" covered="2"/>
            <counter type="CLASS" missed="0" covered="1"/>
        </class>
        <class name="com/example/demo/commands/CommandKeyword" sourcefilename="CommandKeyword.java">
            <method name="&lt;init&gt;" desc="(Ljava/lang/String;ILjava/lang/String;)V" line="19">
                <counter type="INSTRUCTION" missed="8" covered="0"/>
                <counter type="LINE" missed="3" covered="0"/>
                <counter type="COMPLEXITY" missed="1" covered="0"/>
                <counter type="METHOD" missed="1" covered="0"/>
            </method>
            <method name="getName" desc="()Ljava/lang/String;" line="24">
                <counter type="INSTRUCTION" missed="3" covered="0"/>
                <counter type="LINE" missed="1" covered="0"/>
                <counter type="COMPLEXITY" missed="1" covered="0"/>
                <counter type="METHOD" missed="1" covered="0"/>
            </method>
            <method name="&lt;clinit&gt;" desc="()V" line="3">
                <counter type="INSTRUCTION" missed="125" covered="0"/>
                <counter type="LINE" missed="12" covered="0"/>
                <counter type="COMPLEXITY" missed="1" covered="0"/>
                <counter type="METHOD" missed="1" covered="0"/>
            </method>
            <counter type="INSTRUCTION" missed="136" covered="0"/>
            <counter type="LINE" missed="16" covered="0"/>
            <counter type="COMPLEXITY" missed="3" covered="0"/>
            <counter type="METHOD" missed="3" covered="0"/>
            <counter type="CLASS" missed="1" covered="0"/>
        </class>
        <class name="com/example/demo/commands/ListSongsCommand" sourcefilename="ListSongsCommand.java">
            <method name="&lt;init&gt;" desc="(Lcom/example/demo/services/SongService;)V" line="11">
                <counter type="INSTRUCTION" missed="0" covered="6"/>
                <counter type="LINE" missed="0" covered="3"/>
                <counter type="COMPLEXITY" missed="0" covered="1"/>
                <counter type="METHOD" missed="0" covered="1"/>
            </method>
            <method name="invoke" desc="(Ljava/util/List;)V" line="18">
                <counter type="INSTRUCTION" missed="0" covered="4"/>
                <counter type="LINE" missed="0" covered="2"/>
                <counter type="COMPLEXITY" missed="0" covered="1"/>
                <counter type="METHOD" missed="0" covered="1"/>
            </method>
            <counter type="INSTRUCTION" missed="0" covered="10"/>
            <counter type="LINE" missed="0" covered="5"/>
            <counter type="COMPLEXITY" missed="0" covered="2"/>
            <counter type="METHOD" missed="0" covered="2"/>
            <counter type="CLASS" missed="0" covered="1"/>
        </class>
        <class name="com/example/demo/commands/CreatePlaylistCommand" sourcefilename="CreatePlaylistCommand.java">
            <method name="&lt;init&gt;" desc="(Lcom/example/demo/services/PlaylistService;)V" line="10">
                <counter type="INSTRUCTION" missed="0" covered="6"/>
                <counter type="LINE" missed="0" covered="3"/>
                <counter type="COMPLEXITY" missed="0" covered="1"/>
                <counter type="METHOD" missed="0" covered="1"/>
            </method>
            <method name="invoke" desc="(Ljava/util/List;)V" line="16">
                <counter type="INSTRUCTION" missed="5" covered="27"/>
                <counter type="BRANCH" missed="1" covered="1"/>
                <counter type="LINE" missed="1" covered="8"/>
                <counter type="COMPLEXITY" missed="1" covered="1"/>
                <counter type="METHOD" missed="0" covered="1"/>
            </method>
            <counter type="INSTRUCTION" missed="5" covered="33"/>
            <counter type="BRANCH" missed="1" covered="1"/>
            <counter type="LINE" missed="1" covered="11"/>
            <counter type="COMPLEXITY" missed="1" covered="2"/>
            <counter type="METHOD" missed="0" covered="2"/>
            <counter type="CLASS" missed="0" covered="1"/>
        </class>
        <class name="com/example/demo/commands/DeletePlaylistCommand" sourcefilename="DeletePlaylistCommand.java">
            <method name="&lt;init&gt;" desc="(Lcom/example/demo/services/PlaylistService;)V" line="9">
                <counter type="INSTRUCTION" missed="0" covered="6"/>
                <counter type="LINE" missed="0" covered="3"/>
                <counter type="COMPLEXITY" missed="0" covered="1"/>
                <counter type="METHOD" missed="0" covered="1"/>
            </method>
            <method name="invoke" desc="(Ljava/util/List;)V" line="15">
                <counter type="INSTRUCTION" missed="4" covered="14"/>
                <counter type="BRANCH" missed="1" covered="1"/>
                <counter type="LINE" missed="2" covered="4"/>
                <counter type="COMPLEXITY" missed="1" covered="1"/>
                <counter type="METHOD" missed="0" covered="1"/>
            </method>
            <counter type="INSTRUCTION" missed="4" covered="20"/>
            <counter type="BRANCH" missed="1" covered="1"/>
            <counter type="LINE" missed="2" covered="7"/>
            <counter type="COMPLEXITY" missed="1" covered="2"/>
            <counter type="METHOD" missed="0" covered="2"/>
            <counter type="CLASS" missed="0" covered="1"/>
        </class>
        <class name="com/example/demo/commands/ICommand" sourcefilename="ICommand.java"/>
        <class name="com/example/demo/commands/DeleteSongFromPlaylistCommand"
               sourcefilename="DeleteSongFromPlaylistCommand.java">
            <method name="&lt;init&gt;" desc="(Lcom/example/demo/services/PlaylistService;)V" line="9">
                <counter type="INSTRUCTION" missed="0" covered="6"/>
                <counter type="LINE" missed="0" covered="3"/>
                <counter type="COMPLEXITY" missed="0" covered="1"/>
                <counter type="METHOD" missed="0" covered="1"/>
            </method>
            <method name="invoke" desc="(Ljava/util/List;)V" line="15">
                <counter type="INSTRUCTION" missed="0" covered="18"/>
                <counter type="LINE" missed="0" covered="4"/>
                <counter type="COMPLEXITY" missed="0" covered="1"/>
                <counter type="METHOD" missed="0" covered="1"/>
            </method>
            <counter type="INSTRUCTION" missed="0" covered="24"/>
            <counter type="LINE" missed="0" covered="7"/>
            <counter type="COMPLEXITY" missed="0" covered="2"/>
            <counter type="METHOD" missed="0" covered="2"/>
            <counter type="CLASS" missed="0" covered="1"/>
        </class>
        <class name="com/example/demo/commands/NextSongCommand" sourcefilename="NextSongCommand.java">
            <method name="&lt;init&gt;" desc="(Lcom/example/demo/services/PlaylistService;)V" line="9">
                <counter type="INSTRUCTION" missed="0" covered="6"/>
                <counter type="LINE" missed="0" covered="3"/>
                <counter type="COMPLEXITY" missed="0" covered="1"/>
                <counter type="METHOD" missed="0" covered="1"/>
            </method>
            <method name="invoke" desc="(Ljava/util/List;)V" line="15">
                <counter type="INSTRUCTION" missed="0" covered="4"/>
                <counter type="LINE" missed="0" covered="2"/>
                <counter type="COMPLEXITY" missed="0" covered="1"/>
                <counter type="METHOD" missed="0" covered="1"/>
            </method>
            <counter type="INSTRUCTION" missed="0" covered="10"/>
            <counter type="LINE" missed="0" covered="5"/>
            <counter type="COMPLEXITY" missed="0" covered="2"/>
            <counter type="METHOD" missed="0" covered="2"/>
            <counter type="CLASS" missed="0" covered="1"/>
        </class>
        <class name="com/example/demo/commands/AddSongToPlaylistCommand" sourcefilename="AddSongToPlaylistCommand.java">
            <method name="&lt;init&gt;"
                    desc="(Lcom/example/demo/services/PlaylistService;Lcom/example/demo/services/SongService;)V"
                    line="11">
                <counter type="INSTRUCTION" missed="0" covered="9"/>
                <counter type="LINE" missed="0" covered="4"/>
                <counter type="COMPLEXITY" missed="0" covered="1"/>
                <counter type="METHOD" missed="0" covered="1"/>
            </method>
            <method name="invoke" desc="(Ljava/util/List;)V" line="18">
                <counter type="INSTRUCTION" missed="0" covered="18"/>
                <counter type="LINE" missed="0" covered="4"/>
                <counter type="COMPLEXITY" missed="0" covered="1"/>
                <counter type="METHOD" missed="0" covered="1"/>
            </method>
            <counter type="INSTRUCTION" missed="0" covered="27"/>
            <counter type="LINE" missed="0" covered="8"/>
            <counter type="COMPLEXITY" missed="0" covered="2"/>
            <counter type="METHOD" missed="0" covered="2"/>
            <counter type="CLASS" missed="0" covered="1"/>
        </class>
        <class name="com/example/demo/commands/CommandRegistry" sourcefilename="CommandRegistry.java">
            <method name="&lt;init&gt;" desc="()V" line="9">
                <counter type="INSTRUCTION" missed="0" covered="3"/>
                <counter type="LINE" missed="0" covered="1"/>
                <counter type="COMPLEXITY" missed="0" covered="1"/>
                <counter type="METHOD" missed="0" covered="1"/>
            </method>
            <method name="registerCommand" desc="(Ljava/lang/String;Lcom/example/demo/commands/ICommand;)V" line="13">
                <counter type="INSTRUCTION" missed="0" covered="6"/>
                <counter type="LINE" missed="0" covered="2"/>
                <counter type="COMPLEXITY" missed="0" covered="1"/>
                <counter type="METHOD" missed="0" covered="1"/>
            </method>
            <method name="unRegisterCommand" desc="(Ljava/lang/String;)V" line="17">
                <counter type="INSTRUCTION" missed="5" covered="0"/>
                <counter type="LINE" missed="2" covered="0"/>
                <counter type="COMPLEXITY" missed="1" covered="0"/>
                <counter type="METHOD" missed="1" covered="0"/>
            </method>
            <method name="get" desc="(Ljava/lang/String;)Lcom/example/demo/commands/ICommand;" line="21">
                <counter type="INSTRUCTION" missed="0" covered="5"/>
                <counter type="LINE" missed="0" covered="1"/>
                <counter type="COMPLEXITY" missed="0" covered="1"/>
                <counter type="METHOD" missed="0" covered="1"/>
            </method>
            <method name="parse" desc="(Ljava/lang/String;)Ljava/util/List;" line="25">
                <counter type="INSTRUCTION" missed="0" covered="8"/>
                <counter type="LINE" missed="0" covered="1"/>
                <counter type="COMPLEXITY" missed="0" covered="1"/>
                <counter type="METHOD" missed="0" covered="1"/>
            </method>
            <method name="invokeCommand" desc="(Ljava/lang/String;)V" line="30">
                <counter type="INSTRUCTION" missed="5" covered="17"/>
                <counter type="BRANCH" missed="1" covered="1"/>
                <counter type="LINE" missed="1" covered="5"/>
                <counter type="COMPLEXITY" missed="1" covered="1"/>
                <counter type="METHOD" missed="0" covered="1"/>
            </method>
            <method name="&lt;clinit&gt;" desc="()V" line="10">
                <counter type="INSTRUCTION" missed="0" covered="5"/>
                <counter type="LINE" missed="0" covered="1"/>
                <counter type="COMPLEXITY" missed="0" covered="1"/>
                <counter type="METHOD" missed="0" covered="1"/>
            </method>
            <counter type="INSTRUCTION" missed="10" covered="44"/>
            <counter type="BRANCH" missed="1" covered="1"/>
            <counter type="LINE" missed="3" covered="11"/>
            <counter type="COMPLEXITY" missed="2" covered="6"/>
            <counter type="METHOD" missed="1" covered="6"/>
            <counter type="CLASS" missed="0" covered="1"/>
        </class>
        <class name="com/example/demo/commands/LoadPlaylistCommand" sourcefilename="LoadPlaylistCommand.java">
            <method name="&lt;init&gt;" desc="(Lcom/example/demo/services/PlaylistService;)V" line="9">
                <counter type="INSTRUCTION" missed="0" covered="6"/>
                <counter type="LINE" missed="0" covered="3"/>
                <counter type="COMPLEXITY" missed="0" covered="1"/>
                <counter type="METHOD" missed="0" covered="1"/>
            </method>
            <method name="invoke" desc="(Ljava/util/List;)V" line="15">
                <counter type="INSTRUCTION" missed="0" covered="10"/>
                <counter type="LINE" missed="0" covered="3"/>
                <counter type="COMPLEXITY" missed="0" covered="1"/>
                <counter type="METHOD" missed="0" covered="1"/>
            </method>
            <counter type="INSTRUCTION" missed="0" covered="16"/>
            <counter type="LINE" missed="0" covered="6"/>
            <counter type="COMPLEXITY" missed="0" covered="2"/>
            <counter type="METHOD" missed="0" covered="2"/>
            <counter type="CLASS" missed="0" covered="1"/>
        </class>
        <sourcefile name="CreatePlaylistCommand.java">
            <line nr="10" mi="0" ci="2" mb="0" cb="0"/>
            <line nr="11" mi="0" ci="3" mb="0" cb="0"/>
            <line nr="12" mi="0" ci="1" mb="0" cb="0"/>
            <line nr="16" mi="0" ci="4" mb="1" cb="1"/>
            <line nr="17" mi="5" ci="0" mb="0" cb="0"/>
            <line nr="20" mi="0" ci="5" mb="0" cb="0"/>
            <line nr="23" mi="0" ci="5" mb="0" cb="0"/>
            <line nr="24" mi="0" ci="2" mb="0" cb="0"/>
            <line nr="25" mi="0" ci="1" mb="0" cb="0"/>
            <line nr="26" mi="0" ci="4" mb="0" cb="0"/>
            <line nr="29" mi="0" ci="5" mb="0" cb="0"/>
            <line nr="30" mi="0" ci="1" mb="0" cb="0"/>
            <counter type="INSTRUCTION" missed="5" covered="33"/>
            <counter type="BRANCH" missed="1" covered="1"/>
            <counter type="LINE" missed="1" covered="11"/>
            <counter type="COMPLEXITY" missed="1" covered="2"/>
            <counter type="METHOD" missed="0" covered="2"/>
            <counter type="CLASS" missed="0" covered="1"/>
        </sourcefile>
        <sourcefile name="NextSongCommand.java">
            <line nr="9" mi="0" ci="2" mb="0" cb="0"/>
            <line nr="10" mi="0" ci="3" mb="0" cb="0"/>
            <line nr="11" mi="0" ci="1" mb="0" cb="0"/>
            <line nr="15" mi="0" ci="3" mb="0" cb="0"/>
            <line nr="16" mi="0" ci="1" mb="0" cb="0"/>
            <counter type="INSTRUCTION" missed="0" covered="10"/>
            <counter type="LINE" missed="0" covered="5"/>
            <counter type="COMPLEXITY" missed="0" covered="2"/>
            <counter type="METHOD" missed="0" covered="2"/>
            <counter type="CLASS" missed="0" covered="1"/>
        </sourcefile>
        <sourcefile name="AddSongCommand.java">
            <line nr="10" mi="0" ci="2" mb="0" cb="0"/>
            <line nr="11" mi="0" ci="3" mb="0" cb="0"/>
            <line nr="12" mi="0" ci="1" mb="0" cb="0"/>
            <line nr="16" mi="0" ci="5" mb="0" cb="0"/>
            <line nr="17" mi="0" ci="5" mb="0" cb="0"/>
            <line nr="18" mi="0" ci="5" mb="0" cb="0"/>
            <line nr="19" mi="0" ci="5" mb="0" cb="0"/>
            <line nr="20" mi="0" ci="8" mb="0" cb="0"/>
            <line nr="21" mi="0" ci="1" mb="0" cb="0"/>
            <counter type="INSTRUCTION" missed="0" covered="35"/>
            <counter type="LINE" missed="0" covered="9"/>
            <counter type="COMPLEXITY" missed="0" covered="2"/>
            <counter type="METHOD" missed="0" covered="2"/>
            <counter type="CLASS" missed="0" covered="1"/>
        </sourcefile>
        <sourcefile name="DeletePlaylistCommand.java">
            <line nr="9" mi="0" ci="2" mb="0" cb="0"/>
            <line nr="10" mi="0" ci="3" mb="0" cb="0"/>
            <line nr="11" mi="0" ci="1" mb="0" cb="0"/>
            <line nr="15" mi="0" ci="4" mb="1" cb="1"/>
            <line nr="16" mi="3" ci="0" mb="0" cb="0"/>
            <line nr="17" mi="1" ci="0" mb="0" cb="0"/>
            <line nr="19" mi="0" ci="5" mb="0" cb="0"/>
            <line nr="20" mi="0" ci="4" mb="0" cb="0"/>
            <line nr="21" mi="0" ci="1" mb="0" cb="0"/>
            <counter type="INSTRUCTION" missed="4" covered="20"/>
            <counter type="BRANCH" missed="1" covered="1"/>
            <counter type="LINE" missed="2" covered="7"/>
            <counter type="COMPLEXITY" missed="1" covered="2"/>
            <counter type="METHOD" missed="0" covered="2"/>
            <counter type="CLASS" missed="0" covered="1"/>
        </sourcefile>
        <sourcefile name="ICommand.java"/>
        <sourcefile name="LoadPlaylistCommand.java">
            <line nr="9" mi="0" ci="2" mb="0" cb="0"/>
            <line nr="10" mi="0" ci="3" mb="0" cb="0"/>
            <line nr="11" mi="0" ci="1" mb="0" cb="0"/>
            <line nr="15" mi="0" ci="5" mb="0" cb="0"/>
            <line nr="16" mi="0" ci="4" mb="0" cb="0"/>
            <line nr="17" mi="0" ci="1" mb="0" cb="0"/>
            <counter type="INSTRUCTION" missed="0" covered="16"/>
            <counter type="LINE" missed="0" covered="6"/>
            <counter type="COMPLEXITY" missed="0" covered="2"/>
            <counter type="METHOD" missed="0" covered="2"/>
            <counter type="CLASS" missed="0" covered="1"/>
        </sourcefile>
        <sourcefile name="StopSongCommand.java">
            <line nr="9" mi="0" ci="2" mb="0" cb="0"/>
            <line nr="10" mi="0" ci="3" mb="0" cb="0"/>
            <line nr="11" mi="0" ci="1" mb="0" cb="0"/>
            <line nr="15" mi="0" ci="3" mb="0" cb="0"/>
            <line nr="16" mi="0" ci="1" mb="0" cb="0"/>
            <counter type="INSTRUCTION" missed="0" covered="10"/>
            <counter type="LINE" missed="0" covered="5"/>
            <counter type="COMPLEXITY" missed="0" covered="2"/>
            <counter type="METHOD" missed="0" covered="2"/>
            <counter type="CLASS" missed="0" covered="1"/>
        </sourcefile>
        <sourcefile name="ListSongsCommand.java">
            <line nr="11" mi="0" ci="2" mb="0" cb="0"/>
            <line nr="12" mi="0" ci="3" mb="0" cb="0"/>
            <line nr="13" mi="0" ci="1" mb="0" cb="0"/>
            <line nr="18" mi="0" ci="3" mb="0" cb="0"/>
            <line nr="19" mi="0" ci="1" mb="0" cb="0"/>
            <counter type="INSTRUCTION" missed="0" covered="10"/>
            <counter type="LINE" missed="0" covered="5"/>
            <counter type="COMPLEXITY" missed="0" covered="2"/>
            <counter type="METHOD" missed="0" covered="2"/>
            <counter type="CLASS" missed="0" covered="1"/>
        </sourcefile>
        <sourcefile name="CommandKeyword.java">
            <line nr="3" mi="48" ci="0" mb="0" cb="0"/>
            <line nr="4" mi="7" ci="0" mb="0" cb="0"/>
            <line nr="5" mi="7" ci="0" mb="0" cb="0"/>
            <line nr="6" mi="7" ci="0" mb="0" cb="0"/>
            <line nr="7" mi="7" ci="0" mb="0" cb="0"/>
            <line nr="8" mi="7" ci="0" mb="0" cb="0"/>
            <line nr="9" mi="7" ci="0" mb="0" cb="0"/>
            <line nr="10" mi="7" ci="0" mb="0" cb="0"/>
            <line nr="11" mi="7" ci="0" mb="0" cb="0"/>
            <line nr="12" mi="7" ci="0" mb="0" cb="0"/>
            <line nr="13" mi="7" ci="0" mb="0" cb="0"/>
            <line nr="14" mi="7" ci="0" mb="0" cb="0"/>
            <line nr="19" mi="4" ci="0" mb="0" cb="0"/>
            <line nr="20" mi="3" ci="0" mb="0" cb="0"/>
            <line nr="21" mi="1" ci="0" mb="0" cb="0"/>
            <line nr="24" mi="3" ci="0" mb="0" cb="0"/>
            <counter type="INSTRUCTION" missed="136" covered="0"/>
            <counter type="LINE" missed="16" covered="0"/>
            <counter type="COMPLEXITY" missed="3" covered="0"/>
            <counter type="METHOD" missed="3" covered="0"/>
            <counter type="CLASS" missed="1" covered="0"/>
        </sourcefile>
        <sourcefile name="PlaySongCommand.java">
            <line nr="9" mi="0" ci="2" mb="0" cb="0"/>
            <line nr="10" mi="0" ci="3" mb="0" cb="0"/>
            <line nr="11" mi="0" ci="1" mb="0" cb="0"/>
            <line nr="15" mi="0" ci="3" mb="0" cb="0"/>
            <line nr="16" mi="0" ci="1" mb="0" cb="0"/>
            <counter type="INSTRUCTION" missed="0" covered="10"/>
            <counter type="LINE" missed="0" covered="5"/>
            <counter type="COMPLEXITY" missed="0" covered="2"/>
            <counter type="METHOD" missed="0" covered="2"/>
            <counter type="CLASS" missed="0" covered="1"/>
        </sourcefile>
        <sourcefile name="DeleteSongFromPlaylistCommand.java">
            <line nr="9" mi="0" ci="2" mb="0" cb="0"/>
            <line nr="10" mi="0" ci="3" mb="0" cb="0"/>
            <line nr="11" mi="0" ci="1" mb="0" cb="0"/>
            <line nr="15" mi="0" ci="5" mb="0" cb="0"/>
            <line nr="16" mi="0" ci="7" mb="0" cb="0"/>
            <line nr="17" mi="0" ci="5" mb="0" cb="0"/>
            <line nr="18" mi="0" ci="1" mb="0" cb="0"/>
            <counter type="INSTRUCTION" missed="0" covered="24"/>
            <counter type="LINE" missed="0" covered="7"/>
            <counter type="COMPLEXITY" missed="0" covered="2"/>
            <counter type="METHOD" missed="0" covered="2"/>
            <counter type="CLASS" missed="0" covered="1"/>
        </sourcefile>
        <sourcefile name="CommandRegistry.java">
            <line nr="9" mi="0" ci="3" mb="0" cb="0"/>
            <line nr="10" mi="0" ci="5" mb="0" cb="0"/>
            <line nr="13" mi="0" ci="5" mb="0" cb="0"/>
            <line nr="14" mi="0" ci="1" mb="0" cb="0"/>
            <line nr="17" mi="4" ci="0" mb="0" cb="0"/>
            <line nr="18" mi="1" ci="0" mb="0" cb="0"/>
            <line nr="21" mi="0" ci="5" mb="0" cb="0"/>
            <line nr="25" mi="0" ci="8" mb="0" cb="0"/>
            <line nr="30" mi="0" ci="4" mb="0" cb="0"/>
            <line nr="31" mi="0" ci="7" mb="0" cb="0"/>
            <line nr="32" mi="0" ci="2" mb="1" cb="1"/>
            <line nr="34" mi="5" ci="0" mb="0" cb="0"/>
            <line nr="36" mi="0" ci="3" mb="0" cb="0"/>
            <line nr="37" mi="0" ci="1" mb="0" cb="0"/>
            <counter type="INSTRUCTION" missed="10" covered="44"/>
            <counter type="BRANCH" missed="1" covered="1"/>
            <counter type="LINE" missed="3" covered="11"/>
            <counter type="COMPLEXITY" missed="2" covered="6"/>
            <counter type="METHOD" missed="1" covered="6"/>
            <counter type="CLASS" missed="0" covered="1"/>
        </sourcefile>
        <sourcefile name="PreviousSongCommand.java">
            <line nr="9" mi="0" ci="2" mb="0" cb="0"/>
            <line nr="10" mi="0" ci="3" mb="0" cb="0"/>
            <line nr="11" mi="0" ci="1" mb="0" cb="0"/>
            <line nr="15" mi="0" ci="3" mb="0" cb="0"/>
            <line nr="16" mi="0" ci="1" mb="0" cb="0"/>
            <counter type="INSTRUCTION" missed="0" covered="10"/>
            <counter type="LINE" missed="0" covered="5"/>
            <counter type="COMPLEXITY" missed="0" covered="2"/>
            <counter type="METHOD" missed="0" covered="2"/>
            <counter type="CLASS" missed="0" covered="1"/>
        </sourcefile>
        <sourcefile name="AddSongToPlaylistCommand.java">
            <line nr="11" mi="0" ci="2" mb="0" cb="0"/>
            <line nr="12" mi="0" ci="3" mb="0" cb="0"/>
            <line nr="13" mi="0" ci="3" mb="0" cb="0"/>
            <line nr="14" mi="0" ci="1" mb="0" cb="0"/>
            <line nr="18" mi="0" ci="5" mb="0" cb="0"/>
            <line nr="19" mi="0" ci="7" mb="0" cb="0"/>
            <line nr="20" mi="0" ci="5" mb="0" cb="0"/>
            <line nr="21" mi="0" ci="1" mb="0" cb="0"/>
            <counter type="INSTRUCTION" missed="0" covered="27"/>
            <counter type="LINE" missed="0" covered="8"/>
            <counter type="COMPLEXITY" missed="0" covered="2"/>
            <counter type="METHOD" missed="0" covered="2"/>
            <counter type="CLASS" missed="0" covered="1"/>
        </sourcefile>
        <counter type="INSTRUCTION" missed="155" covered="249"/>
        <counter type="BRANCH" missed="3" covered="3"/>
        <counter type="LINE" missed="22" covered="84"/>
        <counter type="COMPLEXITY" missed="7" covered="28"/>
        <counter type="METHOD" missed="4" covered="28"/>
        <counter type="CLASS" missed="1" covered="12"/>
    </package>
    <counter type="INSTRUCTION" missed="518" covered="1027"/>
    <counter type="BRANCH" missed="44" covered="30"/>
    <counter type="LINE" missed="106" covered="248"/>
    <counter type="COMPLEXITY" missed="59" covered="68"/>
    <counter type="METHOD" missed="25" covered="65"/>
    <counter type="CLASS" missed="2" covered="20"/>
</report>